This file contains any messages produced by compilers while
running configure, to aid debugging if configure makes a mistake.

It was created by linear_algebra configure 0.01, which was
generated by GNU Autoconf 2.63.  Invocation command line was

  $ ./configure 

## --------- ##
## Platform. ##
## --------- ##

hostname = mech-7.sr.unh.edu
uname -m = x86_64
uname -r = 2.6.32-642.11.1.el6.x86_64
uname -s = Linux
uname -v = #1 SMP Wed Oct 26 10:25:23 EDT 2016

/usr/bin/uname -p = unknown
/bin/uname -X     = unknown

/bin/arch              = x86_64
/usr/bin/arch -k       = unknown
/usr/convex/getsysinfo = unknown
/usr/bin/hostinfo      = unknown
/bin/machine           = unknown
/usr/bin/oslevel       = unknown
/bin/universe          = unknown

PATH: /home/adnan/Abaqus_cae/Commands
PATH: /home/adnan/ParaView-5.3.0-Qt5-OpenGL2-MPI-Linux-64bit/bin
PATH: /usr/local/cuda-7.5/bin
PATH: /home/Intel/bin
PATH: /opt/pgi/linux86-64/16.10/mpi/openmpi/bin
PATH: /opt/pgi/linux86-64/16.10/bin
PATH: /usr/local/cuda/bin
PATH: /home/adnan/Abaqus_cae/Commands
PATH: /home/adnan/ParaView-5.3.0-Qt5-OpenGL2-MPI-Linux-64bit/bin
PATH: /usr/local/cuda-7.5/bin
PATH: /home/Intel/bin
PATH: /opt/pgi/linux86-64/16.10/mpi/openmpi/bin
PATH: /opt/pgi/linux86-64/16.10/bin
PATH: /usr/local/cuda/bin
PATH: /home/adnan/Abaqus_cae/Commands
PATH: /home/adnan/ParaView-5.3.0-Qt5-OpenGL2-MPI-Linux-64bit/bin
PATH: /usr/local/cuda-7.5/bin
PATH: /home/Intel/bin
PATH: /opt/pgi/linux86-64/16.10/mpi/openmpi/bin
PATH: /opt/pgi/linux86-64/16.10/bin
PATH: /usr/local/cuda/bin
PATH: /home/adnan/Abaqus_cae/Commands
PATH: /home/adnan/ParaView-5.3.0-Qt5-OpenGL2-MPI-Linux-64bit/bin
PATH: /usr/local/cuda-7.5/bin
PATH: /home/Intel/bin
PATH: /opt/pgi/linux86-64/16.10/mpi/openmpi/bin
PATH: /opt/pgi/linux86-64/16.10/bin
PATH: /usr/local/cuda/bin
PATH: /home/adnan/Abaqus_cae/Commands
PATH: /home/adnan/ParaView-5.3.0-Qt5-OpenGL2-MPI-Linux-64bit/bin
PATH: /usr/local/cuda-7.5/bin
PATH: /home/Intel/bin
PATH: /opt/pgi/linux86-64/16.10/mpi/openmpi/bin
PATH: /opt/pgi/linux86-64/16.10/bin
PATH: /usr/local/cuda/bin
PATH: /home/adnan/Abaqus_cae/Commands
PATH: /home/adnan/ParaView-5.3.0-Qt5-OpenGL2-MPI-Linux-64bit/bin
PATH: /usr/local/cuda-7.5/bin
PATH: /home/Intel/bin
PATH: /opt/pgi/linux86-64/16.10/mpi/openmpi/bin
PATH: /opt/pgi/linux86-64/16.10/bin
PATH: /usr/local/cuda/bin
PATH: /home/adnan/Abaqus_cae/Commands
PATH: /home/adnan/ParaView-5.3.0-Qt5-OpenGL2-MPI-Linux-64bit/bin
PATH: /usr/local/cuda-7.5/bin
PATH: /home/Intel/bin
PATH: /opt/pgi/linux86-64/16.10/mpi/openmpi/bin
PATH: /opt/pgi/linux86-64/16.10/bin
PATH: /usr/local/cuda/bin
PATH: /home/adnan/Abaqus_cae/Commands
PATH: /home/adnan/ParaView-5.3.0-Qt5-OpenGL2-MPI-Linux-64bit/bin
PATH: /usr/local/cuda-7.5/bin
PATH: /home/Intel/bin
PATH: /opt/pgi/linux86-64/16.10/mpi/openmpi/bin
PATH: /opt/pgi/linux86-64/16.10/bin
PATH: /usr/local/cuda/bin
PATH: /home/adnan/Abaqus_cae/Commands
PATH: /home/adnan/ParaView-5.3.0-Qt5-OpenGL2-MPI-Linux-64bit/bin
PATH: /usr/local/cuda-7.5/bin
PATH: /home/Intel/bin
PATH: /opt/pgi/linux86-64/16.10/mpi/openmpi/bin
PATH: /opt/pgi/linux86-64/16.10/bin
PATH: /usr/local/cuda/bin
PATH: /home/adnan/Abaqus_cae/Commands
PATH: /home/adnan/ParaView-5.3.0-Qt5-OpenGL2-MPI-Linux-64bit/bin
PATH: /usr/local/cuda-7.5/bin
PATH: /home/Intel/bin
PATH: /opt/pgi/linux86-64/16.10/mpi/openmpi/bin
PATH: /opt/pgi/linux86-64/16.10/bin
PATH: /usr/local/cuda/bin
PATH: /usr/lib64/qt-3.3/bin
PATH: /usr/local/bin
PATH: /bin
PATH: /usr/bin
PATH: /usr/local/sbin
PATH: /usr/sbin
PATH: /sbin
PATH: /mnt/data0/Commands
PATH: /home/dsavage/bin
PATH: /mnt/data0/Commands


## ----------- ##
## Core tests. ##
## ----------- ##

configure:1852: checking for a BSD-compatible install
configure:1920: result: /usr/bin/install -c
configure:1931: checking whether build environment is sane
configure:1991: result: yes
configure:2132: checking for a thread-safe mkdir -p
configure:2171: result: /bin/mkdir -p
configure:2184: checking for gawk
configure:2200: found /bin/gawk
configure:2211: result: gawk
configure:2222: checking whether make sets $(MAKE)
configure:2244: result: yes
configure:2353: checking for style of include used by make
configure:2381: result: GNU
configure:2451: checking for gcc
configure:2467: found /usr/bin/gcc
configure:2478: result: gcc
configure:2710: checking for C compiler version
configure:2718: gcc --version >&5
gcc (GCC) 4.4.7 20120313 (Red Hat 4.4.7-18)
Copyright (C) 2010 Free Software Foundation, Inc.
This is free software; see the source for copying conditions.  There is NO
warranty; not even for MERCHANTABILITY or FITNESS FOR A PARTICULAR PURPOSE.

configure:2722: $? = 0
configure:2729: gcc -v >&5
Using built-in specs.
Target: x86_64-redhat-linux
Configured with: ../configure --prefix=/usr --mandir=/usr/share/man --infodir=/usr/share/info --with-bugurl=http://bugzilla.redhat.com/bugzilla --enable-bootstrap --enable-shared --enable-threads=posix --enable-checking=release --with-system-zlib --enable-__cxa_atexit --disable-libunwind-exceptions --enable-gnu-unique-object --enable-languages=c,c++,objc,obj-c++,java,fortran,ada --enable-java-awt=gtk --disable-dssi --with-java-home=/usr/lib/jvm/java-1.5.0-gcj-1.5.0.0/jre --enable-libgcj-multifile --enable-java-maintainer-mode --with-ecj-jar=/usr/share/java/eclipse-ecj.jar --disable-libjava-multilib --with-ppl --with-cloog --with-tune=generic --with-arch_32=i686 --build=x86_64-redhat-linux
Thread model: posix
gcc version 4.4.7 20120313 (Red Hat 4.4.7-18) (GCC) 
configure:2733: $? = 0
configure:2740: gcc -V >&5
gcc: '-V' option must have argument
configure:2744: $? = 1
configure:2767: checking for C compiler default output file name
configure:2789: gcc    conftest.c  >&5
configure:2793: $? = 0
configure:2831: result: a.out
configure:2850: checking whether the C compiler works
configure:2860: ./a.out
configure:2864: $? = 0
configure:2883: result: yes
configure:2890: checking whether we are cross compiling
configure:2892: result: no
configure:2895: checking for suffix of executables
configure:2902: gcc -o conftest    conftest.c  >&5
configure:2906: $? = 0
configure:2932: result: 
configure:2938: checking for suffix of object files
configure:2964: gcc -c   conftest.c >&5
configure:2968: $? = 0
configure:2993: result: o
configure:2997: checking whether we are using the GNU C compiler
configure:3026: gcc -c   conftest.c >&5
configure:3033: $? = 0
configure:3050: result: yes
configure:3059: checking whether gcc accepts -g
configure:3089: gcc -c -g  conftest.c >&5
configure:3096: $? = 0
configure:3197: result: yes
configure:3214: checking for gcc option to accept ISO C89
configure:3288: gcc  -c -g -O2  conftest.c >&5
configure:3295: $? = 0
configure:3318: result: none needed
configure:3338: checking dependency style of gcc
configure:3448: result: gcc3
configure:3463: checking for gcc option to accept ISO C99
configure:3622: gcc  -c -g -O2  conftest.c >&5
conftest.c:60: error: expected ';', ',' or ')' before 'text'
conftest.c: In function 'main':
conftest.c:114: error: expected '=', ',', ';', 'asm' or '__attribute__' before 'newvar'
conftest.c:114: error: 'newvar' undeclared (first use in this function)
conftest.c:114: error: (Each undeclared identifier is reported only once
conftest.c:114: error: for each function it appears in.)
conftest.c:124: error: 'for' loop initial declarations are only allowed in C99 mode
conftest.c:124: note: use option -std=c99 or -std=gnu99 to compile your code
configure:3629: $? = 1
configure: failed program was:
| /* confdefs.h.  */
| #define PACKAGE_NAME "linear_algebra"
| #define PACKAGE_TARNAME "linear_algebra"
| #define PACKAGE_VERSION "0.01"
| #define PACKAGE_STRING "linear_algebra 0.01"
| #define PACKAGE_BUGREPORT ""
| #define PACKAGE "linear_algebra"
| #define VERSION "0.01"
| /* end confdefs.h.  */
| #include <stdarg.h>
| #include <stdbool.h>
| #include <stdlib.h>
| #include <wchar.h>
| #include <stdio.h>
| 
| // Check varargs macros.  These examples are taken from C99 6.10.3.5.
| #define debug(...) fprintf (stderr, __VA_ARGS__)
| #define showlist(...) puts (#__VA_ARGS__)
| #define report(test,...) ((test) ? puts (#test) : printf (__VA_ARGS__))
| static void
| test_varargs_macros (void)
| {
|   int x = 1234;
|   int y = 5678;
|   debug ("Flag");
|   debug ("X = %d\n", x);
|   showlist (The first, second, and third items.);
|   report (x>y, "x is %d but y is %d", x, y);
| }
| 
| // Check long long types.
| #define BIG64 18446744073709551615ull
| #define BIG32 4294967295ul
| #define BIG_OK (BIG64 / BIG32 == 4294967297ull && BIG64 % BIG32 == 0)
| #if !BIG_OK
|   your preprocessor is broken;
| #endif
| #if BIG_OK
| #else
|   your preprocessor is broken;
| #endif
| static long long int bignum = -9223372036854775807LL;
| static unsigned long long int ubignum = BIG64;
| 
| struct incomplete_array
| {
|   int datasize;
|   double data[];
| };
| 
| struct named_init {
|   int number;
|   const wchar_t *name;
|   double average;
| };
| 
| typedef const char *ccp;
| 
| static inline int
| test_restrict (ccp restrict text)
| {
|   // See if C++-style comments work.
|   // Iterate through items via the restricted pointer.
|   // Also check for declarations in for loops.
|   for (unsigned int i = 0; *(text+i) != '\0'; ++i)
|     continue;
|   return 0;
| }
| 
| // Check varargs and va_copy.
| static void
| test_varargs (const char *format, ...)
| {
|   va_list args;
|   va_start (args, format);
|   va_list args_copy;
|   va_copy (args_copy, args);
| 
|   const char *str;
|   int number;
|   float fnumber;
| 
|   while (*format)
|     {
|       switch (*format++)
| 	{
| 	case 's': // string
| 	  str = va_arg (args_copy, const char *);
| 	  break;
| 	case 'd': // int
| 	  number = va_arg (args_copy, int);
| 	  break;
| 	case 'f': // float
| 	  fnumber = va_arg (args_copy, double);
| 	  break;
| 	default:
| 	  break;
| 	}
|     }
|   va_end (args_copy);
|   va_end (args);
| }
| 
| int
| main ()
| {
| 
|   // Check bool.
|   _Bool success = false;
| 
|   // Check restrict.
|   if (test_restrict ("String literal") == 0)
|     success = true;
|   char *restrict newvar = "Another string";
| 
|   // Check varargs.
|   test_varargs ("s, d' f .", "string", 65, 34.234);
|   test_varargs_macros ();
| 
|   // Check flexible array members.
|   struct incomplete_array *ia =
|     malloc (sizeof (struct incomplete_array) + (sizeof (double) * 10));
|   ia->datasize = 10;
|   for (int i = 0; i < ia->datasize; ++i)
|     ia->data[i] = i * 1.234;
| 
|   // Check named initializers.
|   struct named_init ni = {
|     .number = 34,
|     .name = L"Test wide string",
|     .average = 543.34343,
|   };
| 
|   ni.number = 58;
| 
|   int dynamic_array[ni.number];
|   dynamic_array[ni.number - 1] = 543;
| 
|   // work around unused variable warnings
|   return (!success || bignum == 0LL || ubignum == 0uLL || newvar[0] == 'x'
| 	  || dynamic_array[ni.number - 1] != 543);
| 
|   ;
|   return 0;
| }
configure:3622: gcc -std=gnu99 -c -g -O2  conftest.c >&5
configure:3629: $? = 0
configure:3659: result: -std=gnu99
configure:3671: checking whether gcc -std=gnu99 and cc understand -c and -o together
configure:3706: gcc -std=gnu99 -c conftest.c -o conftest2.o >&5
configure:3710: $? = 0
configure:3716: gcc -std=gnu99 -c conftest.c -o conftest2.o >&5
configure:3720: $? = 0
configure:3731: cc -c conftest.c >&5
configure:3735: $? = 0
configure:3743: cc -c conftest.c -o conftest2.o >&5
configure:3747: $? = 0
configure:3753: cc -c conftest.c -o conftest2.o >&5
configure:3757: $? = 0
configure:3775: result: yes
configure:3805: checking whether C compiler accepts -Wall
configure:3834: gcc -std=gnu99 -c -Wall  conftest.c >&5
configure:3841: $? = 0
configure:3859: result: yes
configure:3877: checking for gcc -std=gnu99 option to support OpenMP
configure:3897: gcc -std=gnu99 -o conftest -g -O2 -Wall   conftest.c  >&5
conftest.c:3: error: expected '=', ',', ';', 'asm' or '__attribute__' before 'me'
In file included from conftest.c:5:
/usr/lib/gcc/x86_64-redhat-linux/4.4.7/include/omp.h:76: error: expected ')' before '*' token
/usr/lib/gcc/x86_64-redhat-linux/4.4.7/include/omp.h:77: error: expected ')' before '*' token
/usr/lib/gcc/x86_64-redhat-linux/4.4.7/include/omp.h:78: error: expected ')' before '*' token
/usr/lib/gcc/x86_64-redhat-linux/4.4.7/include/omp.h:79: error: expected ')' before '*' token
/usr/lib/gcc/x86_64-redhat-linux/4.4.7/include/omp.h:80: error: expected ')' before '*' token
configure:3904: $? = 1
configure: failed program was:
| 
| #ifndef _OPENMP
|  choke me
| #endif
| #include <omp.h>
| int main () { return omp_get_num_threads (); }
| 
configure:3936: gcc -std=gnu99 -o conftest -g -O2 -Wall -fopenmp   conftest.c  >&5
configure:3943: $? = 0
configure:3973: result: -fopenmp
configure:3988: checking for sin in -lm
configure:4023: gcc -std=gnu99 -o conftest -g -O2 -Wall -fopenmp   conftest.c -lm   >&5
conftest.c:17: warning: conflicting types for built-in function 'sin'
configure:4030: $? = 0
configure:4051: result: yes
configure:4136: checking for g77
configure:4166: result: no
configure:4136: checking for xlf
configure:4166: result: no
configure:4136: checking for f77
configure:4166: result: no
configure:4136: checking for frt
configure:4166: result: no
configure:4136: checking for pgf77
configure:4152: found /opt/pgi/linux86-64/16.10/bin/pgf77
configure:4163: result: pgf77
configure:4189: checking for Fortran 77 compiler version
configure:4197: pgf77 --version >&5

pgf77 16.10-0 64-bit target on x86-64 Linux -tp haswell 
The Portland Group - PGI Compilers and Tools
Copyright (c) 2016, NVIDIA CORPORATION.  All rights reserved.
configure:4201: $? = 0
configure:4208: pgf77 -v >&5
Export PGI=/opt/pgi
pgf77-Warning-No files to process

configure:4212: $? = 0
configure:4219: pgf77 -V >&5

pgf77 16.10-0 64-bit target on x86-64 Linux -tp haswell 
The Portland Group - PGI Compilers and Tools
Copyright (c) 2016, NVIDIA CORPORATION.  All rights reserved.
configure:4223: $? = 0
configure:4231: checking whether we are using the GNU Fortran 77 compiler
configure:4250: pgf77 -c  conftest.F >&5
PGFTN-S-0034-Syntax error at or near end of line (conftest.F: 3)
  0 inform,   0 warnings,   1 severes, 0 fatal for main
PGFTN/x86-64 Linux 16.10-0: compilation completed with severe errors
configure:4257: $? = 2
configure: failed program was:
|       program main
| #ifndef __GNUC__
|        choke me
| #endif
| 
|       end
configure:4274: result: no
configure:4280: checking whether pgf77 accepts -g
configure:4297: pgf77 -c -g conftest.f >&5
configure:4304: $? = 0
configure:4320: result: yes
configure:4360: checking how to get verbose linking output from pgf77
configure:4376: pgf77 -c -g conftest.f >&5
configure:4383: $? = 0
configure:4405: pgf77 -o conftest -g -v conftest.f -lm
Export PGI=/opt/pgi

/opt/pgi/linux86-64/16.10/bin/pgftnc conftest.f -debug -x 120 0x200 -opt 0 -x 119 0xa10000 -x 122 0x40 -x 123 0x1000 -x 127 4 -x 127 17 -x 19 0x400000 -x 28 0x40000 -x 120 0x10000000 -x 70 0x8000 -x 122 1 -x 125 0x20000 -quad -x 59 4 -tp haswell -x 51 0x20 -x 124 0x1401 -astype 0 -stdinc /opt/pgi/linux86-64/16.10/include-gcc44:/opt/pgi/linux86-64/16.10/include:/usr/local/include:/usr/lib/gcc/x86_64-redhat-linux/4.4.7/include:/usr/include -def unix -def __unix -def __unix__ -def linux -def __linux -def __linux__ -def __NO_MATH_INLINES -def __LP64__ -def __x86_64 -def __x86_64__ -def __LONG_MAX__=9223372036854775807L -def '__SIZE_TYPE__=unsigned long int' -def '__PTRDIFF_TYPE__=long int' -def __THROW= -def __extension__= -def __amd_64__amd64__ -def __k8 -def __k8__ -def __SSE__ -def __MMX__ -def __SSE2__ -def __SSE3__ -def __SSSE3__ -cmdline '+pgf77 conftest.f -o conftest -g -v -lm' -x 70 0x40000000 -x 124 1 -asm /tmp/pgf77vbWg-ggVpOA9.s
  0 inform,   0 warnings,   0 severes, 0 fatal for main
PGFTN/x86-64 Linux 16.10-0: compilation successful

/usr/bin/as /tmp/pgf77vbWg-ggVpOA9.s -o /tmp/pgf77LbWgV1Ul0fK_.o

/usr/bin/ld /usr/lib64/crt1.o /usr/lib64/crti.o /opt/pgi/linux86-64/16.10/lib/trace_init.o /usr/lib/gcc/x86_64-redhat-linux/4.4.7/crtbegin.o /opt/pgi/linux86-64/16.10/lib/initmp.o /opt/pgi/linux86-64/16.10/lib/pgfmain.o --eh-frame-hdr -m elf_x86_64 -dynamic-linker /lib64/ld-linux-x86-64.so.2 /opt/pgi/linux86-64/16.10/lib/pgi.ld -L/opt/pgi/linux86-64/16.10/lib -L/usr/lib64 -L/usr/lib/gcc/x86_64-redhat-linux/4.4.7 /tmp/pgf77LbWgV1Ul0fK_.o -lm -rpath /opt/pgi/linux86-64/16.10/lib -o conftest -lpgftnrtl -lpgmp -lnuma -lpthread -lnspgc -lpgc -lrt -lpthread -lm -lgcc -lc -lgcc -lgcc_s /usr/lib/gcc/x86_64-redhat-linux/4.4.7/crtend.o /usr/lib64/crtn.o
Unlinking /tmp/pgf77vbWg-ggVpOA9.s
Unlinking /tmp/pgf779bWg3_wgUaSa.ll
Unlinking /tmp/pgf77LbWgV1Ul0fK_.o
configure:4474: result: -v
configure:4476: checking for Fortran 77 libraries of pgf77
configure:4499: pgf77 -o conftest -g -v conftest.f -lm
Export PGI=/opt/pgi

/opt/pgi/linux86-64/16.10/bin/pgftnc conftest.f -debug -x 120 0x200 -opt 0 -x 119 0xa10000 -x 122 0x40 -x 123 0x1000 -x 127 4 -x 127 17 -x 19 0x400000 -x 28 0x40000 -x 120 0x10000000 -x 70 0x8000 -x 122 1 -x 125 0x20000 -quad -x 59 4 -tp haswell -x 51 0x20 -x 124 0x1401 -astype 0 -stdinc /opt/pgi/linux86-64/16.10/include-gcc44:/opt/pgi/linux86-64/16.10/include:/usr/local/include:/usr/lib/gcc/x86_64-redhat-linux/4.4.7/include:/usr/include -def unix -def __unix -def __unix__ -def linux -def __linux -def __linux__ -def __NO_MATH_INLINES -def __LP64__ -def __x86_64 -def __x86_64__ -def __LONG_MAX__=9223372036854775807L -def '__SIZE_TYPE__=unsigned long int' -def '__PTRDIFF_TYPE__=long int' -def __THROW= -def __extension__= -def __amd_64__amd64__ -def __k8 -def __k8__ -def __SSE__ -def __MMX__ -def __SSE2__ -def __SSE3__ -def __SSSE3__ -cmdline '+pgf77 conftest.f -o conftest -g -v -lm' -x 70 0x40000000 -x 124 1 -asm /tmp/pgf77vtWg-siUpgv5.s
  0 inform,   0 warnings,   0 severes, 0 fatal for main
PGFTN/x86-64 Linux 16.10-0: compilation successful

/usr/bin/as /tmp/pgf77vtWg-siUpgv5.s -o /tmp/pgf77LtWgVbG90Jnx.o

/usr/bin/ld /usr/lib64/crt1.o /usr/lib64/crti.o /opt/pgi/linux86-64/16.10/lib/trace_init.o /usr/lib/gcc/x86_64-redhat-linux/4.4.7/crtbegin.o /opt/pgi/linux86-64/16.10/lib/initmp.o /opt/pgi/linux86-64/16.10/lib/pgfmain.o --eh-frame-hdr -m elf_x86_64 -dynamic-linker /lib64/ld-linux-x86-64.so.2 /opt/pgi/linux86-64/16.10/lib/pgi.ld -L/opt/pgi/linux86-64/16.10/lib -L/usr/lib64 -L/usr/lib/gcc/x86_64-redhat-linux/4.4.7 /tmp/pgf77LtWgVbG90Jnx.o -lm -rpath /opt/pgi/linux86-64/16.10/lib -o conftest -lpgftnrtl -lpgmp -lnuma -lpthread -lnspgc -lpgc -lrt -lpthread -lm -lgcc -lc -lgcc -lgcc_s /usr/lib/gcc/x86_64-redhat-linux/4.4.7/crtend.o /usr/lib64/crtn.o
Unlinking /tmp/pgf77vtWg-siUpgv5.s
Unlinking /tmp/pgf779tWg3QQ9U_TL.ll
Unlinking /tmp/pgf77LtWgVbG90Jnx.o
configure:4676: result:  -L/opt/pgi/linux86-64/16.10/lib -L/usr/lib64 -L/usr/lib/gcc/x86_64-redhat-linux/4.4.7 -lm -lpgftnrtl -lpgmp -lnuma -lpthread -lnspgc -lpgc -lrt
configure:4692: checking for dummy main to link with Fortran 77 libraries
configure:4736: gcc -std=gnu99 -o conftest -g -O2 -Wall -fopenmp   conftest.c -lm   -L/opt/pgi/linux86-64/16.10/lib -L/usr/lib64 -L/usr/lib/gcc/x86_64-redhat-linux/4.4.7 -lm -lpgftnrtl -lpgmp -lnuma -lpthread -lnspgc -lpgc -lrt >&5
configure:4743: $? = 0
configure:4831: result: none
configure:4870: checking for Fortran 77 name-mangling scheme
configure:4889: pgf77 -c -g conftest.f >&5
configure:4896: $? = 0
configure:4951: gcc -std=gnu99 -o conftest -g -O2 -Wall -fopenmp   conftest.c cfortran_test.o -lm   -L/opt/pgi/linux86-64/16.10/lib -L/usr/lib64 -L/usr/lib/gcc/x86_64-redhat-linux/4.4.7 -lm -lpgftnrtl -lpgmp -lnuma -lpthread -lnspgc -lpgc -lrt >&5
/tmp/ccVzNEvk.o: In function `main':
/mnt/data1/Tim/ME855/presentation/conftest.c:30: undefined reference to `foobar'
collect2: ld returned 1 exit status
configure:4958: $? = 1
configure: failed program was:
| /* confdefs.h.  */
| #define PACKAGE_NAME "linear_algebra"
| #define PACKAGE_TARNAME "linear_algebra"
| #define PACKAGE_VERSION "0.01"
| #define PACKAGE_STRING "linear_algebra 0.01"
| #define PACKAGE_BUGREPORT ""
| #define PACKAGE "linear_algebra"
| #define VERSION "0.01"
| #define HAVE_LIBM 1
| /* end confdefs.h.  */
| 
| /* Override any GCC internal prototype to avoid an error.
|    Use char because int might match the return type of a GCC
|    builtin and then its argument prototype would still apply.  */
| #ifdef __cplusplus
| extern "C"
| #endif
| char foobar ();
| #ifdef F77_DUMMY_MAIN
| 
| #  ifdef __cplusplus
|      extern "C"
| #  endif
|    int F77_DUMMY_MAIN() { return 1; }
| 
| #endif
| int
| main ()
| {
| return foobar ();
|   ;
|   return 0;
| }
configure:4951: gcc -std=gnu99 -o conftest -g -O2 -Wall -fopenmp   conftest.c cfortran_test.o -lm   -L/opt/pgi/linux86-64/16.10/lib -L/usr/lib64 -L/usr/lib/gcc/x86_64-redhat-linux/4.4.7 -lm -lpgftnrtl -lpgmp -lnuma -lpthread -lnspgc -lpgc -lrt >&5
configure:4958: $? = 0
configure:5040: gcc -std=gnu99 -o conftest -g -O2 -Wall -fopenmp   conftest.c cfortran_test.o -lm   -L/opt/pgi/linux86-64/16.10/lib -L/usr/lib64 -L/usr/lib/gcc/x86_64-redhat-linux/4.4.7 -lm -lpgftnrtl -lpgmp -lnuma -lpthread -lnspgc -lpgc -lrt >&5
configure:5047: $? = 0
configure:5110: result: lower case, underscore, no extra underscore
configure:5255: checking for ranlib
configure:5271: found /usr/bin/ranlib
configure:5282: result: ranlib
configure:5359: checking for gfortran
configure:5375: found /usr/bin/gfortran
configure:5386: result: gfortran
configure:5412: checking for Fortran compiler version
configure:5420: gfortran --version >&5
GNU Fortran (GCC) 4.4.7 20120313 (Red Hat 4.4.7-18)
Copyright (C) 2010 Free Software Foundation, Inc.

GNU Fortran comes with NO WARRANTY, to the extent permitted by law.
You may redistribute copies of GNU Fortran
under the terms of the GNU General Public License.
For more information about these matters, see the file named COPYING

configure:5424: $? = 0
configure:5431: gfortran -v >&5
Using built-in specs.
Target: x86_64-redhat-linux
Configured with: ../configure --prefix=/usr --mandir=/usr/share/man --infodir=/usr/share/info --with-bugurl=http://bugzilla.redhat.com/bugzilla --enable-bootstrap --enable-shared --enable-threads=posix --enable-checking=release --with-system-zlib --enable-__cxa_atexit --disable-libunwind-exceptions --enable-gnu-unique-object --enable-languages=c,c++,objc,obj-c++,java,fortran,ada --enable-java-awt=gtk --disable-dssi --with-java-home=/usr/lib/jvm/java-1.5.0-gcj-1.5.0.0/jre --enable-libgcj-multifile --enable-java-maintainer-mode --with-ecj-jar=/usr/share/java/eclipse-ecj.jar --disable-libjava-multilib --with-ppl --with-cloog --with-tune=generic --with-arch_32=i686 --build=x86_64-redhat-linux
Thread model: posix
gcc version 4.4.7 20120313 (Red Hat 4.4.7-18) (GCC) 
configure:5435: $? = 0
configure:5442: gfortran -V >&5
gfortran: '-V' option must have argument
configure:5446: $? = 1
configure:5454: checking whether we are using the GNU Fortran compiler
configure:5473: gfortran -c   conftest.F >&5
configure:5480: $? = 0
configure:5497: result: yes
configure:5503: checking whether gfortran accepts -g
configure:5520: gfortran -c -g  conftest.f >&5
configure:5527: $? = 0
configure:5543: result: yes
configure:5703: creating ./config.status

## ---------------------- ##
## Running config.status. ##
## ---------------------- ##

This file was extended by linear_algebra config.status 0.01, which was
generated by GNU Autoconf 2.63.  Invocation command line was

  CONFIG_FILES    = 
  CONFIG_HEADERS  = 
  CONFIG_LINKS    = 
  CONFIG_COMMANDS = 
  $ ./config.status 

on mech-7.sr.unh.edu

config.status:774: creating Makefile
config.status:774: creating config.h
config.status:996: config.h is unchanged
config.status:1048: executing depfiles commands

## ---------------- ##
## Cache variables. ##
## ---------------- ##

ac_cv_c_compiler_gnu=yes
ac_cv_env_CC_set=
ac_cv_env_CC_value=
ac_cv_env_CFLAGS_set=
ac_cv_env_CFLAGS_value=
ac_cv_env_CPPFLAGS_set=
ac_cv_env_CPPFLAGS_value=
ac_cv_env_F77_set=
ac_cv_env_F77_value=
ac_cv_env_FCFLAGS_set=
ac_cv_env_FCFLAGS_value=
ac_cv_env_FC_set=
ac_cv_env_FC_value=
ac_cv_env_FFLAGS_set=
ac_cv_env_FFLAGS_value=
ac_cv_env_LDFLAGS_set=
ac_cv_env_LDFLAGS_value=
ac_cv_env_LIBS_set=
ac_cv_env_LIBS_value=
ac_cv_env_build_alias_set=
ac_cv_env_build_alias_value=
ac_cv_env_host_alias_set=
ac_cv_env_host_alias_value=
ac_cv_env_target_alias_set=
ac_cv_env_target_alias_value=
ac_cv_f77_compiler_gnu=no
ac_cv_f77_dummy_main=none
ac_cv_f77_libs=' -L/opt/pgi/linux86-64/16.10/lib -L/usr/lib64 -L/usr/lib/gcc/x86_64-redhat-linux/4.4.7 -lm -lpgftnrtl -lpgmp -lnuma -lpthread -lnspgc -lpgc -lrt'
ac_cv_f77_mangling='lower case, underscore, no extra underscore'
ac_cv_fc_compiler_gnu=yes
ac_cv_fortran_dummy_main=none
ac_cv_lib_m_sin=yes
ac_cv_objext=o
ac_cv_path_install='/usr/bin/install -c'
ac_cv_path_mkdir=/bin/mkdir
ac_cv_prog_AWK=gawk
ac_cv_prog_ac_ct_CC=gcc
ac_cv_prog_ac_ct_F77=pgf77
ac_cv_prog_ac_ct_FC=gfortran
ac_cv_prog_ac_ct_RANLIB=ranlib
ac_cv_prog_c_openmp=-fopenmp
ac_cv_prog_cc_c89=
ac_cv_prog_cc_c99=-std=gnu99
ac_cv_prog_cc_g=yes
ac_cv_prog_cc_gcc_c_o=yes
ac_cv_prog_f77_g=yes
ac_cv_prog_f77_v=-v
ac_cv_prog_fc_g=yes
ac_cv_prog_make_make_set=yes
am_cv_CC_dependencies_compiler_type=gcc3
ax_cv_c_flags__Wall=yes

## ----------------- ##
## Output variables. ##
## ----------------- ##

ACLOCAL='${SHELL} /mnt/data1/Tim/ME855/presentation/missing --run aclocal-1.11'
AMDEPBACKSLASH='\'
AMDEP_FALSE='#'
AMDEP_TRUE=''
AMTAR='${SHELL} /mnt/data1/Tim/ME855/presentation/missing --run tar'
AM_BACKSLASH='\'
AM_DEFAULT_VERBOSITY='0'
AUTOCONF='${SHELL} /mnt/data1/Tim/ME855/presentation/missing --run autoconf'
AUTOHEADER='${SHELL} /mnt/data1/Tim/ME855/presentation/missing --run autoheader'
AUTOMAKE='${SHELL} /mnt/data1/Tim/ME855/presentation/missing --run automake-1.11'
AWK='gawk'
CC='gcc -std=gnu99'
CCDEPMODE='depmode=gcc3'
CFLAGS='-g -O2 -Wall -fopenmp'
CPPFLAGS=''
CYGPATH_W='echo'
DEFS='-DHAVE_CONFIG_H'
DEPDIR='.deps'
ECHO_C=''
ECHO_N='-n'
ECHO_T=''
EXEEXT=''
F77='pgf77'
FC='gfortran'
FCFLAGS='-g -O2 -fopenmp'
FFLAGS='-g'
FLIBS=' -L/opt/pgi/linux86-64/16.10/lib -L/usr/lib64 -L/usr/lib/gcc/x86_64-redhat-linux/4.4.7 -lm -lpgftnrtl -lpgmp -lnuma -lpthread -lnspgc -lpgc -lrt'
INSTALL_DATA='${INSTALL} -m 644'
INSTALL_PROGRAM='${INSTALL}'
INSTALL_SCRIPT='${INSTALL}'
INSTALL_STRIP_PROGRAM='$(install_sh) -c -s'
LDFLAGS=''
LIBOBJS=''
LIBS='-lm '
LTLIBOBJS=''
MAKEINFO='${SHELL} /mnt/data1/Tim/ME855/presentation/missing --run makeinfo'
MKDIR_P='/bin/mkdir -p'
OBJEXT='o'
OPENMP_CFLAGS='-fopenmp'
PACKAGE='linear_algebra'
PACKAGE_BUGREPORT=''
PACKAGE_NAME='linear_algebra'
PACKAGE_STRING='linear_algebra 0.01'
PACKAGE_TARNAME='linear_algebra'
PACKAGE_VERSION='0.01'
PATH_SEPARATOR=':'
RANLIB='ranlib'
SET_MAKE=''
SHELL='/bin/sh'
STRIP=''
VERSION='0.01'
ac_ct_CC='gcc'
ac_ct_F77='pgf77'
ac_ct_FC='gfortran'
am__EXEEXT_FALSE=''
am__EXEEXT_TRUE='#'
am__fastdepCC_FALSE='#'
am__fastdepCC_TRUE=''
am__include='include'
am__isrc=''
am__leading_dot='.'
am__quote=''
am__tar='${AMTAR} chof - "$$tardir"'
am__untar='${AMTAR} xf -'
bindir='${exec_prefix}/bin'
build_alias=''
datadir='${datarootdir}'
datarootdir='${prefix}/share'
docdir='${datarootdir}/doc/${PACKAGE_TARNAME}'
dvidir='${docdir}'
exec_prefix='${prefix}'
host_alias=''
htmldir='${docdir}'
includedir='${prefix}/include'
infodir='${datarootdir}/info'
install_sh='${SHELL} /mnt/data1/Tim/ME855/presentation/install-sh'
libdir='${exec_prefix}/lib'
libexecdir='${exec_prefix}/libexec'
localedir='${datarootdir}/locale'
localstatedir='${prefix}/var'
mandir='${datarootdir}/man'
mkdir_p='/bin/mkdir -p'
oldincludedir='/usr/include'
pdfdir='${docdir}'
prefix='/usr/local'
program_transform_name='s,x,x,'
psdir='${docdir}'
sbindir='${exec_prefix}/sbin'
sharedstatedir='${prefix}/com'
sysconfdir='${prefix}/etc'
target_alias=''

## ----------- ##
## confdefs.h. ##
## ----------- ##

#define PACKAGE_NAME "linear_algebra"
#define PACKAGE_TARNAME "linear_algebra"
#define PACKAGE_VERSION "0.01"
#define PACKAGE_STRING "linear_algebra 0.01"
#define PACKAGE_BUGREPORT ""
#define PACKAGE "linear_algebra"
#define VERSION "0.01"
#define HAVE_LIBM 1
#define F77_FUNC(name,NAME) name ## _
#define F77_FUNC_(name,NAME) name ## _

configure: exit 0
